<?xml version="1.0" encoding="UTF-8"?>
<testng-results ignored="0" total="1" passed="1" failed="0" skipped="0">
  <reporter-output>
  </reporter-output>
  <suite started-at="2024-03-29T10:44:51 IST" name="Suite" finished-at="2024-03-29T10:45:41 IST" duration-ms="49890">
    <groups>
    </groups>
    <test started-at="2024-03-29T10:44:51 IST" name="Test" finished-at="2024-03-29T10:45:41 IST" duration-ms="49890">
      <class name="testClass.TC_001_HondaCars">
        <test-method is-config="true" signature="setUp(java.lang.String)[pri:0, instance:testClass.TC_001_HondaCars@4b5d6a01]" started-at="2024-03-29T10:44:51 IST" name="setUp" finished-at="2024-03-29T10:45:03 IST" duration-ms="11287" status="PASS">
          <params>
            <param index="0">
              <value>
                <![CDATA[chrome]]>
              </value>
            </param>
          </params>
          <reporter-output>
          </reporter-output>
        </test-method> <!-- setUp -->
        <test-method signature="checkPrice()[pri:0, instance:testClass.TC_001_HondaCars@4b5d6a01]" started-at="2024-03-29T10:45:03 IST" name="checkPrice" finished-at="2024-03-29T10:45:38 IST" duration-ms="35295" status="PASS">
          <reporter-output>
          </reporter-output>
        </test-method> <!-- checkPrice -->
        <test-method is-config="true" signature="tearDown()[pri:0, instance:testClass.TC_001_HondaCars@4b5d6a01]" started-at="2024-03-29T10:45:38 IST" name="tearDown" finished-at="2024-03-29T10:45:41 IST" duration-ms="3274" status="PASS">
          <reporter-output>
          </reporter-output>
        </test-method> <!-- tearDown -->
      </class> <!-- testClass.TC_001_HondaCars -->
    </test> <!-- Test -->
  </suite> <!-- Suite -->
</testng-results>
